Using pre-set license
Built from '2022.1/staging' branch; Version is '2022.1.20f1 (01d83b40d570) revision 120891'; Using compiler version '192829333'; Build Type 'Release'
OS: 'Windows 10  (10.0.19044) 64bit Professional' Language: 'es' Physical Memory: 7973 MB
BatchMode: 1, IsHumanControllingUs: 0, StartBugReporterOnCrash: 0, Is64bit: 1, IsPro: 1

COMMAND LINE ARGUMENTS:
C:\Program Files\Unity\Hub\Editor\Editor\Unity.exe
-adb2
-batchMode
-noUpm
-name
AssetImportWorker1
-projectPath
C:/Users/Batiste_Lopez_CEVJ/UnityProjects/ElsDosDiscutits/Outphord
-logFile
Logs/AssetImportWorker1.log
-srvPort
51020
Successfully changed project path to: C:/Users/Batiste_Lopez_CEVJ/UnityProjects/ElsDosDiscutits/Outphord
C:/Users/Batiste_Lopez_CEVJ/UnityProjects/ElsDosDiscutits/Outphord
[UnityMemory] Configuration Parameters - Can be set up in boot.config
    "memorysetup-bucket-allocator-granularity=16"
    "memorysetup-bucket-allocator-bucket-count=8"
    "memorysetup-bucket-allocator-block-size=33554432"
    "memorysetup-bucket-allocator-block-count=8"
    "memorysetup-main-allocator-block-size=16777216"
    "memorysetup-thread-allocator-block-size=16777216"
    "memorysetup-gfx-main-allocator-block-size=16777216"
    "memorysetup-gfx-thread-allocator-block-size=16777216"
    "memorysetup-cache-allocator-block-size=4194304"
    "memorysetup-typetree-allocator-block-size=2097152"
    "memorysetup-profiler-bucket-allocator-granularity=16"
    "memorysetup-profiler-bucket-allocator-bucket-count=8"
    "memorysetup-profiler-bucket-allocator-block-size=33554432"
    "memorysetup-profiler-bucket-allocator-block-count=8"
    "memorysetup-profiler-allocator-block-size=16777216"
    "memorysetup-profiler-editor-allocator-block-size=1048576"
    "memorysetup-temp-allocator-size-main=16777216"
    "memorysetup-job-temp-allocator-block-size=2097152"
    "memorysetup-job-temp-allocator-block-size-background=1048576"
    "memorysetup-job-temp-allocator-reduction-small-platforms=262144"
    "memorysetup-temp-allocator-size-background-worker=32768"
    "memorysetup-temp-allocator-size-job-worker=262144"
    "memorysetup-temp-allocator-size-preload-manager=33554432"
    "memorysetup-temp-allocator-size-nav-mesh-worker=65536"
    "memorysetup-temp-allocator-size-audio-worker=65536"
    "memorysetup-temp-allocator-size-cloud-worker=32768"
    "memorysetup-temp-allocator-size-gi-baking-worker=262144"
    "memorysetup-temp-allocator-size-gfx=262144"
Refreshing native plugins compatible for Editor in 91.46 ms, found 3 plugins.
Preloading 0 native plugins for Editor in 0.00 ms.
Initialize engine version: 2022.1.20f1 (01d83b40d570)
[Subsystems] Discovering subsystems at path C:/Program Files/Unity/Hub/Editor/Editor/Data/Resources/UnitySubsystems
[Subsystems] Discovering subsystems at path C:/Users/Batiste_Lopez_CEVJ/UnityProjects/ElsDosDiscutits/Outphord/Assets
GfxDevice: creating device client; threaded=0; jobified=0
Direct3D:
    Version:  Direct3D 11.0 [level 11.1]
    Renderer: Intel(R) UHD Graphics 630 (ID=0x3e92)
    Vendor:   Intel
    VRAM:     3986 MB
    Driver:   30.0.100.9864
Initialize mono
Mono path[0] = 'C:/Program Files/Unity/Hub/Editor/Editor/Data/Managed'
Mono path[1] = 'C:/Program Files/Unity/Hub/Editor/Editor/Data/MonoBleedingEdge/lib/mono/unityjit-win32'
Mono config path = 'C:/Program Files/Unity/Hub/Editor/Editor/Data/MonoBleedingEdge/etc'
Using monoOptions --debugger-agent=transport=dt_socket,embedding=1,server=y,suspend=n,address=127.0.0.1:56348
Begin MonoManager ReloadAssembly
Registering precompiled unity dll's ...
Register platform support module: C:/Program Files/Unity/Hub/Editor/Editor/Data/PlaybackEngines/WindowsStandaloneSupport/UnityEditor.WindowsStandalone.Extensions.dll
Registered in 0.007420 seconds.
Native extension for WindowsStandalone target not found
Refreshing native plugins compatible for Editor in 88.70 ms, found 3 plugins.
Preloading 0 native plugins for Editor in 0.00 ms.
Mono: successfully reloaded assembly
- Completed reload, in  0.798 seconds
Domain Reload Profiling:
	ReloadAssembly (798ms)
		BeginReloadAssembly (93ms)
			ExecutionOrderSort (0ms)
			DisableScriptedObjects (0ms)
			BackupInstance (0ms)
			ReleaseScriptingObjects (0ms)
			CreateAndSetChildDomain (1ms)
		EndReloadAssembly (568ms)
			LoadAssemblies (90ms)
			RebuildTransferFunctionScriptingTraits (0ms)
			SetupTypeCache (136ms)
				TypeCache.Initialize (136ms)
					TypeCache.ScanAssembly (133ms)
				ResolveRequiredComponents (1ms)
			ReleaseScriptCaches (0ms)
			RebuildScriptCaches (38ms)
			SetupLoadedEditorAssemblies (332ms)
				LogAssemblyErrors (0ms)
				InitializePlatformSupportModulesInManaged (9ms)
				SetLoadedEditorAssemblies (10ms)
				RefreshPlugins (89ms)
				BeforeProcessingInitializeOnLoad (1ms)
				ProcessInitializeOnLoadAttributes (167ms)
				ProcessInitializeOnLoadMethodAttributes (56ms)
				AfterProcessingInitializeOnLoad (0ms)
				EditorAssembliesLoaded (0ms)
			ExecutionOrderSort2 (0ms)
			AwakeInstancesAfterBackupRestoration (0ms)
Platform modules already initialized, skipping
Registering precompiled user dll's ...
Registered in 0.007950 seconds.
Begin MonoManager ReloadAssembly
Symbol file LoadedFromMemory doesn't match image C:\Users\Batiste_Lopez_CEVJ\UnityProjects\ElsDosDiscutits\Outphord\Library\PackageCache\com.unity.visualscripting@1.7.8\Editor\VisualScripting.Core\Dependencies\YamlDotNet\Unity.VisualScripting.YamlDotNet.dll
Symbol file LoadedFromMemory doesn't match image C:\Users\Batiste_Lopez_CEVJ\UnityProjects\ElsDosDiscutits\Outphord\Library\PackageCache\com.unity.visualscripting@1.7.8\Editor\VisualScripting.Core\Dependencies\DotNetZip\Unity.VisualScripting.IonicZip.dll
Native extension for WindowsStandalone target not found
Refreshing native plugins compatible for Editor in 1.07 ms, found 3 plugins.
Preloading 0 native plugins for Editor in 0.00 ms.
Mono: successfully reloaded assembly
- Completed reload, in  7.461 seconds
Domain Reload Profiling:
	ReloadAssembly (7462ms)
		BeginReloadAssembly (166ms)
			ExecutionOrderSort (0ms)
			DisableScriptedObjects (7ms)
			BackupInstance (0ms)
			ReleaseScriptingObjects (0ms)
			CreateAndSetChildDomain (27ms)
		EndReloadAssembly (7061ms)
			LoadAssemblies (3642ms)
			RebuildTransferFunctionScriptingTraits (0ms)
			SetupTypeCache (968ms)
				TypeCache.Initialize (962ms)
					TypeCache.ScanAssembly (956ms)
				ResolveRequiredComponents (6ms)
			ReleaseScriptCaches (1ms)
			RebuildScriptCaches (88ms)
			SetupLoadedEditorAssemblies (2314ms)
				LogAssemblyErrors (0ms)
				InitializePlatformSupportModulesInManaged (7ms)
				SetLoadedEditorAssemblies (8ms)
				RefreshPlugins (1ms)
				BeforeProcessingInitializeOnLoad (101ms)
				ProcessInitializeOnLoadAttributes (437ms)
				ProcessInitializeOnLoadMethodAttributes (1749ms)
				AfterProcessingInitializeOnLoad (10ms)
				EditorAssembliesLoaded (0ms)
			ExecutionOrderSort2 (0ms)
			AwakeInstancesAfterBackupRestoration (11ms)
Platform modules already initialized, skipping
========================================================================
Worker process is ready to serve import requests
Launched and connected shader compiler UnityShaderCompiler.exe after 0.09 seconds
Refreshing native plugins compatible for Editor in 0.66 ms, found 3 plugins.
Preloading 0 native plugins for Editor in 0.00 ms.
Unloading 3566 Unused Serialized files (Serialized files now loaded: 0)
Unloading 39 unused Assets / (131.1 KB). Loaded Objects now: 4025.
Memory consumption went from 0.53 GB to 0.53 GB.
Total: 5.781700 ms (FindLiveObjects: 0.740200 ms CreateObjectMapping: 0.713200 ms MarkObjects: 4.132100 ms  DeleteObjects: 0.193900 ms)

AssetImportParameters requested are different than current active one (requested -> active):
  custom:video-decoder-ogg-theora: a1e56fd34408186e4bbccfd4996cb3dc -> 
  custom:container-muxer-webm: aa71ff27fc2769a1b78a27578f13a17b -> 
  custom:container-demuxer-webm: 4f35f7cbe854078d1ac9338744f61a02 -> 
  custom:video-encoder-webm-vp8: eb34c28f22e8b96e1ab97ce403110664 -> 
  custom:audio-encoder-webm-vorbis: bf7c407c2cedff20999df2af8eb42d56 -> 
  custom:framework-win-MediaFoundation: 216162199b28c13a410421893ffa2e32 -> 
  custom:container-demuxer-ogg: 62fdf1f143b41e24485cea50d1cbac27 -> 
  custom:video-decoder-webm-vp8: 9c59270c3fd7afecdb556c50c9e8de78 -> 
  custom:audio-decoder-ogg-vorbis: bf7c407c2cedff20999df2af8eb42d56 -> 
========================================================================
Received Import Request.
  Time since last request: 22100.513383 seconds.
  path: Assets/Prefabs/New Material.mat
  artifactKey: Guid(b8fff3f93e7f6cf4388f52381515bd7c) Importer(815301076,1909f56bfc062723c751e8b465ee728b)
Start importing Assets/Prefabs/New Material.mat using Guid(b8fff3f93e7f6cf4388f52381515bd7c) Importer(815301076,1909f56bfc062723c751e8b465ee728b)  -> (artifact id: '5122e6b5b15e1f0b400e5d99910fe8ab') in 0.212135 seconds 
========================================================================
Received Import Request.
  Time since last request: 0.000077 seconds.
  path: Assets/Prefabs/PlayerLeonard Variant.prefab
  artifactKey: Guid(ed088da13e0c49443a14dee91c5aea28) Importer(815301076,1909f56bfc062723c751e8b465ee728b)
Start importing Assets/Prefabs/PlayerLeonard Variant.prefab using Guid(ed088da13e0c49443a14dee91c5aea28) Importer(815301076,1909f56bfc062723c751e8b465ee728b)  -> (artifact id: '9397fdebbdf64a242de11083f7f73a48') in 0.120791 seconds 
========================================================================
Received Import Request.
  Time since last request: 0.000044 seconds.
  path: Assets/Prefabs/LeonPlayer.fbx
  artifactKey: Guid(1e7ad2859c5f44c439861414c4b6ba52) Importer(815301076,1909f56bfc062723c751e8b465ee728b)
Start importing Assets/Prefabs/LeonPlayer.fbx using Guid(1e7ad2859c5f44c439861414c4b6ba52) Importer(815301076,1909f56bfc062723c751e8b465ee728b)  -> (artifact id: '02d1b34aefd540459db6f5872d53509d') in 0.227441 seconds 
========================================================================
Received Import Request.
  Time since last request: 0.000027 seconds.
  path: Assets/Prefabs/HairMaterial.mat
  artifactKey: Guid(365fc546ed5640044a8d45bba2b7a2d8) Importer(815301076,1909f56bfc062723c751e8b465ee728b)
Start importing Assets/Prefabs/HairMaterial.mat using Guid(365fc546ed5640044a8d45bba2b7a2d8) Importer(815301076,1909f56bfc062723c751e8b465ee728b)  -> (artifact id: 'c73033e5d353c5f445ed78e48a191b2c') in 0.037739 seconds 
========================================================================
Received Import Request.
  Time since last request: 127.867310 seconds.
  path: Assets/Prefabs/Coches
  artifactKey: Guid(1c4983540ed53ce4fb63a7a842a42811) Importer(815301076,1909f56bfc062723c751e8b465ee728b)
Start importing Assets/Prefabs/Coches using Guid(1c4983540ed53ce4fb63a7a842a42811) Importer(815301076,1909f56bfc062723c751e8b465ee728b)  -> (artifact id: '02d5dce3fce6907b19e1e6ce7ef671d7') in 0.006188 seconds 
========================================================================
Received Import Request.
  Time since last request: 1.012084 seconds.
  path: Assets/Prefabs/Coches/source
  artifactKey: Guid(87f98a22bf978f04892518c7194c6347) Importer(815301076,1909f56bfc062723c751e8b465ee728b)
Start importing Assets/Prefabs/Coches/source using Guid(87f98a22bf978f04892518c7194c6347) Importer(815301076,1909f56bfc062723c751e8b465ee728b)  -> (artifact id: 'ee26505b2fadf812c52eb1158b0aa1da') in 0.014549 seconds 
========================================================================
Received Import Request.
  Time since last request: 0.050413 seconds.
  path: Assets/Prefabs/Coches/source/ad1be740d7ec4761ab57ea20315fc887.blend
  artifactKey: Guid(2bbcd8f0b6f395b4da35b1306f8eb72b) Importer(815301076,1909f56bfc062723c751e8b465ee728b)
Start importing Assets/Prefabs/Coches/source/ad1be740d7ec4761ab57ea20315fc887.blend using Guid(2bbcd8f0b6f395b4da35b1306f8eb72b) Importer(815301076,1909f56bfc062723c751e8b465ee728b)  -> (artifact id: 'db43a5b23fe9a0af1562b9eda1aa4f4f') in 0.086346 seconds 
========================================================================
Received Import Request.
  Time since last request: 0.000032 seconds.
  path: Assets/Prefabs/Coches/source/furgoneta.fbx
  artifactKey: Guid(a0eaea765fcfa0e478f005a2bec208b4) Importer(815301076,1909f56bfc062723c751e8b465ee728b)
Start importing Assets/Prefabs/Coches/source/furgoneta.fbx using Guid(a0eaea765fcfa0e478f005a2bec208b4) Importer(815301076,1909f56bfc062723c751e8b465ee728b)  -> (artifact id: '40b8f58784ed20bdc8297c2e6a9d32ab') in 0.051504 seconds 
========================================================================
Received Import Request.
  Time since last request: 57.032321 seconds.
  path: Assets/Prefabs/Coches/textures
  artifactKey: Guid(051e2eefd11dc104c9d1cda6b9607cbf) Importer(815301076,1909f56bfc062723c751e8b465ee728b)
Start importing Assets/Prefabs/Coches/textures using Guid(051e2eefd11dc104c9d1cda6b9607cbf) Importer(815301076,1909f56bfc062723c751e8b465ee728b)  -> (artifact id: 'cad32acdbd7a5a7929ee49f7f36cd8b5') in 0.014942 seconds 
========================================================================
Received Import Request.
  Time since last request: 0.026315 seconds.
  path: Assets/Prefabs/Coches/textures/69d055c305ec4e4f91d45507db270e77.jpeg
  artifactKey: Guid(b267320606ab47f489586a9f21969caa) Importer(815301076,1909f56bfc062723c751e8b465ee728b)
Start importing Assets/Prefabs/Coches/textures/69d055c305ec4e4f91d45507db270e77.jpeg using Guid(b267320606ab47f489586a9f21969caa) Importer(815301076,1909f56bfc062723c751e8b465ee728b)  -> (artifact id: '537b8ecc86f8b51fad6ab546bde028e5') in 0.052314 seconds 
========================================================================
Received Import Request.
  Time since last request: 0.000065 seconds.
  path: Assets/Prefabs/Coches/textures/emit.jpg
  artifactKey: Guid(4e34426ba13cef14fbe4c649738cb3d7) Importer(815301076,1909f56bfc062723c751e8b465ee728b)
Start importing Assets/Prefabs/Coches/textures/emit.jpg using Guid(4e34426ba13cef14fbe4c649738cb3d7) Importer(815301076,1909f56bfc062723c751e8b465ee728b)  -> (artifact id: '46938f0d3c833ed7fb82fe86cc4e5b21') in 0.035919 seconds 
========================================================================
Received Import Request.
  Time since last request: 0.000047 seconds.
  path: Assets/Prefabs/Coches/textures/dif_optimised.jpeg
  artifactKey: Guid(0f061b05c75888043a7636a87feee2e0) Importer(815301076,1909f56bfc062723c751e8b465ee728b)
Start importing Assets/Prefabs/Coches/textures/dif_optimised.jpeg using Guid(0f061b05c75888043a7636a87feee2e0) Importer(815301076,1909f56bfc062723c751e8b465ee728b)  -> (artifact id: 'fab5798bf7191770b4a8541a0e2fd9c5') in 0.035173 seconds 
========================================================================
Received Import Request.
  Time since last request: 0.000156 seconds.
  path: Assets/Prefabs/Coches/textures/internal_ground_ao_texture.jpeg
  artifactKey: Guid(24504ee0d8aa49d4e9338762fcb6de2d) Importer(815301076,1909f56bfc062723c751e8b465ee728b)
Start importing Assets/Prefabs/Coches/textures/internal_ground_ao_texture.jpeg using Guid(24504ee0d8aa49d4e9338762fcb6de2d) Importer(815301076,1909f56bfc062723c751e8b465ee728b)  -> (artifact id: '0879d7081d07575c38d7baaf759903a4') in 0.030649 seconds 
========================================================================
Received Import Request.
  Time since last request: 0.000035 seconds.
  path: Assets/Prefabs/Coches/textures/normal_optimised.jpeg
  artifactKey: Guid(907e3acf51f99f84b92542b13f008e75) Importer(815301076,1909f56bfc062723c751e8b465ee728b)
Start importing Assets/Prefabs/Coches/textures/normal_optimised.jpeg using Guid(907e3acf51f99f84b92542b13f008e75) Importer(815301076,1909f56bfc062723c751e8b465ee728b)  -> (artifact id: 'ff1513cfa64e0b6a203283a421286940') in 0.035778 seconds 
========================================================================
Received Import Request.
  Time since last request: 7.244707 seconds.
  path: Assets/Prefabs/Coches/textures/Furgoneta.mat
  artifactKey: Guid(4b64bddc9b8ee0d47910c3709bf04787) Importer(815301076,1909f56bfc062723c751e8b465ee728b)
Start importing Assets/Prefabs/Coches/textures/Furgoneta.mat using Guid(4b64bddc9b8ee0d47910c3709bf04787) Importer(815301076,1909f56bfc062723c751e8b465ee728b)  -> (artifact id: '0fd8f67e8730a883ef95af60c9f5b16c') in 0.029472 seconds 
========================================================================
Received Import Request.
  Time since last request: 21.050929 seconds.
  path: Assets/Prefabs/Coches/textures/normal_optimised.jpeg
  artifactKey: Guid(907e3acf51f99f84b92542b13f008e75) Importer(815301076,1909f56bfc062723c751e8b465ee728b)
Start importing Assets/Prefabs/Coches/textures/normal_optimised.jpeg using Guid(907e3acf51f99f84b92542b13f008e75) Importer(815301076,1909f56bfc062723c751e8b465ee728b)  -> (artifact id: '72402dbe6cfce04d8c4aad5218a8fd3a') in 0.030464 seconds 
========================================================================
Received Import Request.
  Time since last request: 13.756883 seconds.
  path: Assets/Prefabs/Coches/source/furgoneta.fbx
  artifactKey: Guid(a0eaea765fcfa0e478f005a2bec208b4) Importer(815301076,1909f56bfc062723c751e8b465ee728b)
Start importing Assets/Prefabs/Coches/source/furgoneta.fbx using Guid(a0eaea765fcfa0e478f005a2bec208b4) Importer(815301076,1909f56bfc062723c751e8b465ee728b)  -> (artifact id: 'e20b523888b67c59b0178087e2c5d87e') in 0.042037 seconds 
========================================================================
Received Import Request.
  Time since last request: 454.640553 seconds.
  path: Assets/Materials/textures
  artifactKey: Guid(08f664921a52b5e48aec8e3229710811) Importer(815301076,1909f56bfc062723c751e8b465ee728b)
Start importing Assets/Materials/textures using Guid(08f664921a52b5e48aec8e3229710811) Importer(815301076,1909f56bfc062723c751e8b465ee728b)  -> (artifact id: 'bdd37c953c23219cca5bc1645c5ed1b2') in 0.003398 seconds 
========================================================================
Received Import Request.
  Time since last request: 0.073902 seconds.
  path: Assets/Materials/textures/Ch31_1001_Diffuse.png
  artifactKey: Guid(4f38f1d408f583844ab0aad9ff1e6863) Importer(815301076,1909f56bfc062723c751e8b465ee728b)
Start importing Assets/Materials/textures/Ch31_1001_Diffuse.png using Guid(4f38f1d408f583844ab0aad9ff1e6863) Importer(815301076,1909f56bfc062723c751e8b465ee728b)  -> (artifact id: 'cd6813587e20a8634baac5bcd34f6783') in 0.026455 seconds 
========================================================================
Received Import Request.
  Time since last request: 0.000022 seconds.
  path: Assets/Materials/textures/Ch31_1002_Diffuse.png
  artifactKey: Guid(9f2ebbf8809b3384881ce197b8dc25b4) Importer(815301076,1909f56bfc062723c751e8b465ee728b)
Start importing Assets/Materials/textures/Ch31_1002_Diffuse.png using Guid(9f2ebbf8809b3384881ce197b8dc25b4) Importer(815301076,1909f56bfc062723c751e8b465ee728b)  -> (artifact id: 'cddbb126d9c9edcee92e537805c15fc5') in 0.029637 seconds 
========================================================================
Received Import Request.
  Time since last request: 0.000035 seconds.
  path: Assets/Materials/textures/Ch31_1001_Specular.png
  artifactKey: Guid(dd96d6e0f08e468479634c1915824612) Importer(815301076,1909f56bfc062723c751e8b465ee728b)
Start importing Assets/Materials/textures/Ch31_1001_Specular.png using Guid(dd96d6e0f08e468479634c1915824612) Importer(815301076,1909f56bfc062723c751e8b465ee728b)  -> (artifact id: '128d9c60870efd5fa7b7473f7c556d13') in 0.029084 seconds 
========================================================================
Received Import Request.
  Time since last request: 0.000021 seconds.
  path: Assets/Materials/textures/Ch31_1001_Glossiness.png
  artifactKey: Guid(d84e1b816773a4c4e89f03aa8130773c) Importer(815301076,1909f56bfc062723c751e8b465ee728b)
Start importing Assets/Materials/textures/Ch31_1001_Glossiness.png using Guid(d84e1b816773a4c4e89f03aa8130773c) Importer(815301076,1909f56bfc062723c751e8b465ee728b)  -> (artifact id: '211dbb3984044f9b67f1f572d0dd73a0') in 0.057742 seconds 
========================================================================
Received Import Request.
  Time since last request: 0.000023 seconds.
  path: Assets/Materials/textures/Ch31_1001_Normal.png
  artifactKey: Guid(bc55b8d8049f7a84d8921cdad96ba8a2) Importer(815301076,1909f56bfc062723c751e8b465ee728b)
Start importing Assets/Materials/textures/Ch31_1001_Normal.png using Guid(bc55b8d8049f7a84d8921cdad96ba8a2) Importer(815301076,1909f56bfc062723c751e8b465ee728b)  -> (artifact id: '0ad08208363775786e2deff30d15ea5b') in 0.028567 seconds 
========================================================================
Received Import Request.
  Time since last request: 32.508479 seconds.
  path: Assets/Prefabs/Animations
  artifactKey: Guid(638304906341d8440aa001bf0d6f4825) Importer(815301076,1909f56bfc062723c751e8b465ee728b)
Start importing Assets/Prefabs/Animations using Guid(638304906341d8440aa001bf0d6f4825) Importer(815301076,1909f56bfc062723c751e8b465ee728b)  -> (artifact id: '1b691c69a102f98b328493016ab5771a') in 0.007137 seconds 
========================================================================
Received Prepare
Registering precompiled user dll's ...
Registered in 0.005731 seconds.
Begin MonoManager ReloadAssembly
Symbol file LoadedFromMemory doesn't match image C:\Users\Batiste_Lopez_CEVJ\UnityProjects\ElsDosDiscutits\Outphord\Library\PackageCache\com.unity.visualscripting@1.7.8\Editor\VisualScripting.Core\Dependencies\YamlDotNet\Unity.VisualScripting.YamlDotNet.dll
Symbol file LoadedFromMemory doesn't match image C:\Users\Batiste_Lopez_CEVJ\UnityProjects\ElsDosDiscutits\Outphord\Library\PackageCache\com.unity.visualscripting@1.7.8\Editor\VisualScripting.Core\Dependencies\DotNetZip\Unity.VisualScripting.IonicZip.dll
Native extension for WindowsStandalone target not found
Refreshing native plugins compatible for Editor in 0.57 ms, found 3 plugins.
Preloading 0 native plugins for Editor in 0.00 ms.
Mono: successfully reloaded assembly
- Completed reload, in  1.344 seconds
Domain Reload Profiling:
	ReloadAssembly (1345ms)
		BeginReloadAssembly (130ms)
			ExecutionOrderSort (0ms)
			DisableScriptedObjects (4ms)
			BackupInstance (0ms)
			ReleaseScriptingObjects (0ms)
			CreateAndSetChildDomain (36ms)
		EndReloadAssembly (1121ms)
			LoadAssemblies (91ms)
			RebuildTransferFunctionScriptingTraits (0ms)
			SetupTypeCache (272ms)
				TypeCache.Initialize (267ms)
					TypeCache.ScanAssembly (262ms)
				ResolveRequiredComponents (5ms)
			ReleaseScriptCaches (1ms)
			RebuildScriptCaches (44ms)
			SetupLoadedEditorAssemblies (609ms)
				LogAssemblyErrors (0ms)
				InitializePlatformSupportModulesInManaged (13ms)
				SetLoadedEditorAssemblies (6ms)
				RefreshPlugins (1ms)
				BeforeProcessingInitializeOnLoad (67ms)
				ProcessInitializeOnLoadAttributes (428ms)
				ProcessInitializeOnLoadMethodAttributes (77ms)
				AfterProcessingInitializeOnLoad (17ms)
				EditorAssembliesLoaded (1ms)
			ExecutionOrderSort2 (0ms)
			AwakeInstancesAfterBackupRestoration (20ms)
Platform modules already initialized, skipping
Refreshing native plugins compatible for Editor in 4.57 ms, found 3 plugins.
Preloading 0 native plugins for Editor in 0.00 ms.
Unloading 3559 Unused Serialized files (Serialized files now loaded: 0)
Unloading 20 unused Assets / (96.1 KB). Loaded Objects now: 4089.
Memory consumption went from 0.54 GB to 0.54 GB.
Total: 7.726000 ms (FindLiveObjects: 1.417100 ms CreateObjectMapping: 1.024800 ms MarkObjects: 5.196900 ms  DeleteObjects: 0.083100 ms)

AssetImportParameters requested are different than current active one (requested -> active):
  custom:video-decoder-ogg-theora: a1e56fd34408186e4bbccfd4996cb3dc -> 
  custom:container-muxer-webm: aa71ff27fc2769a1b78a27578f13a17b -> 
  custom:container-demuxer-webm: 4f35f7cbe854078d1ac9338744f61a02 -> 
  custom:video-encoder-webm-vp8: eb34c28f22e8b96e1ab97ce403110664 -> 
  custom:audio-encoder-webm-vorbis: bf7c407c2cedff20999df2af8eb42d56 -> 
  custom:framework-win-MediaFoundation: 216162199b28c13a410421893ffa2e32 -> 
  custom:container-demuxer-ogg: 62fdf1f143b41e24485cea50d1cbac27 -> 
  custom:video-decoder-webm-vp8: 9c59270c3fd7afecdb556c50c9e8de78 -> 
  custom:audio-decoder-ogg-vorbis: bf7c407c2cedff20999df2af8eb42d56 -> 
