Using pre-set license
Built from '2022.1/staging' branch; Version is '2022.1.20f1 (01d83b40d570) revision 120891'; Using compiler version '192829333'; Build Type 'Release'
OS: 'Windows 10  (10.0.19044) 64bit Professional' Language: 'es' Physical Memory: 7973 MB
BatchMode: 1, IsHumanControllingUs: 0, StartBugReporterOnCrash: 0, Is64bit: 1, IsPro: 1

COMMAND LINE ARGUMENTS:
C:\Program Files\Unity\Hub\Editor\Editor\Unity.exe
-adb2
-batchMode
-noUpm
-name
AssetImportWorker1
-projectPath
C:/Users/Batiste_Lopez_CEVJ/UnityProjects/ElsDosDiscutits/Outphord
-logFile
Logs/AssetImportWorker1.log
-srvPort
61611
Successfully changed project path to: C:/Users/Batiste_Lopez_CEVJ/UnityProjects/ElsDosDiscutits/Outphord
C:/Users/Batiste_Lopez_CEVJ/UnityProjects/ElsDosDiscutits/Outphord
[UnityMemory] Configuration Parameters - Can be set up in boot.config
    "memorysetup-bucket-allocator-granularity=16"
    "memorysetup-bucket-allocator-bucket-count=8"
    "memorysetup-bucket-allocator-block-size=33554432"
    "memorysetup-bucket-allocator-block-count=8"
    "memorysetup-main-allocator-block-size=16777216"
    "memorysetup-thread-allocator-block-size=16777216"
    "memorysetup-gfx-main-allocator-block-size=16777216"
    "memorysetup-gfx-thread-allocator-block-size=16777216"
    "memorysetup-cache-allocator-block-size=4194304"
    "memorysetup-typetree-allocator-block-size=2097152"
    "memorysetup-profiler-bucket-allocator-granularity=16"
    "memorysetup-profiler-bucket-allocator-bucket-count=8"
    "memorysetup-profiler-bucket-allocator-block-size=33554432"
    "memorysetup-profiler-bucket-allocator-block-count=8"
    "memorysetup-profiler-allocator-block-size=16777216"
    "memorysetup-profiler-editor-allocator-block-size=1048576"
    "memorysetup-temp-allocator-size-main=16777216"
    "memorysetup-job-temp-allocator-block-size=2097152"
    "memorysetup-job-temp-allocator-block-size-background=1048576"
    "memorysetup-job-temp-allocator-reduction-small-platforms=262144"
    "memorysetup-temp-allocator-size-background-worker=32768"
    "memorysetup-temp-allocator-size-job-worker=262144"
    "memorysetup-temp-allocator-size-preload-manager=33554432"
    "memorysetup-temp-allocator-size-nav-mesh-worker=65536"
    "memorysetup-temp-allocator-size-audio-worker=65536"
    "memorysetup-temp-allocator-size-cloud-worker=32768"
    "memorysetup-temp-allocator-size-gi-baking-worker=262144"
    "memorysetup-temp-allocator-size-gfx=262144"
Refreshing native plugins compatible for Editor in 137.66 ms, found 3 plugins.
Preloading 0 native plugins for Editor in 0.00 ms.
Initialize engine version: 2022.1.20f1 (01d83b40d570)
[Subsystems] Discovering subsystems at path C:/Program Files/Unity/Hub/Editor/Editor/Data/Resources/UnitySubsystems
[Subsystems] Discovering subsystems at path C:/Users/Batiste_Lopez_CEVJ/UnityProjects/ElsDosDiscutits/Outphord/Assets
GfxDevice: creating device client; threaded=0; jobified=0
Direct3D:
    Version:  Direct3D 11.0 [level 11.1]
    Renderer: Intel(R) UHD Graphics 630 (ID=0x3e92)
    Vendor:   Intel
    VRAM:     3986 MB
    Driver:   30.0.100.9864
Initialize mono
Mono path[0] = 'C:/Program Files/Unity/Hub/Editor/Editor/Data/Managed'
Mono path[1] = 'C:/Program Files/Unity/Hub/Editor/Editor/Data/MonoBleedingEdge/lib/mono/unityjit-win32'
Mono config path = 'C:/Program Files/Unity/Hub/Editor/Editor/Data/MonoBleedingEdge/etc'
Using monoOptions --debugger-agent=transport=dt_socket,embedding=1,server=y,suspend=n,address=127.0.0.1:56748
Begin MonoManager ReloadAssembly
Registering precompiled unity dll's ...
Register platform support module: C:/Program Files/Unity/Hub/Editor/Editor/Data/PlaybackEngines/WindowsStandaloneSupport/UnityEditor.WindowsStandalone.Extensions.dll
Registered in 0.021825 seconds.
Native extension for WindowsStandalone target not found
Refreshing native plugins compatible for Editor in 146.36 ms, found 3 plugins.
Preloading 0 native plugins for Editor in 0.00 ms.
Mono: successfully reloaded assembly
- Completed reload, in  1.569 seconds
Domain Reload Profiling:
	ReloadAssembly (1571ms)
		BeginReloadAssembly (164ms)
			ExecutionOrderSort (0ms)
			DisableScriptedObjects (0ms)
			BackupInstance (0ms)
			ReleaseScriptingObjects (0ms)
			CreateAndSetChildDomain (1ms)
		EndReloadAssembly (1129ms)
			LoadAssemblies (162ms)
			RebuildTransferFunctionScriptingTraits (1ms)
			SetupTypeCache (291ms)
				TypeCache.Initialize (290ms)
					TypeCache.ScanAssembly (281ms)
				ResolveRequiredComponents (1ms)
			ReleaseScriptCaches (0ms)
			RebuildScriptCaches (77ms)
			SetupLoadedEditorAssemblies (630ms)
				LogAssemblyErrors (0ms)
				InitializePlatformSupportModulesInManaged (15ms)
				SetLoadedEditorAssemblies (16ms)
				RefreshPlugins (146ms)
				BeforeProcessingInitializeOnLoad (3ms)
				ProcessInitializeOnLoadAttributes (338ms)
				ProcessInitializeOnLoadMethodAttributes (110ms)
				AfterProcessingInitializeOnLoad (0ms)
				EditorAssembliesLoaded (1ms)
			ExecutionOrderSort2 (0ms)
			AwakeInstancesAfterBackupRestoration (0ms)
Platform modules already initialized, skipping
Registering precompiled user dll's ...
Registered in 0.011064 seconds.
Begin MonoManager ReloadAssembly
Symbol file LoadedFromMemory doesn't match image C:\Users\Batiste_Lopez_CEVJ\UnityProjects\ElsDosDiscutits\Outphord\Library\PackageCache\com.unity.visualscripting@1.7.8\Editor\VisualScripting.Core\Dependencies\YamlDotNet\Unity.VisualScripting.YamlDotNet.dll
Symbol file LoadedFromMemory doesn't match image C:\Users\Batiste_Lopez_CEVJ\UnityProjects\ElsDosDiscutits\Outphord\Library\PackageCache\com.unity.visualscripting@1.7.8\Editor\VisualScripting.Core\Dependencies\DotNetZip\Unity.VisualScripting.IonicZip.dll
Native extension for WindowsStandalone target not found
Refreshing native plugins compatible for Editor in 0.54 ms, found 3 plugins.
Preloading 0 native plugins for Editor in 0.00 ms.
Mono: successfully reloaded assembly
- Completed reload, in  5.019 seconds
Domain Reload Profiling:
	ReloadAssembly (5020ms)
		BeginReloadAssembly (110ms)
			ExecutionOrderSort (0ms)
			DisableScriptedObjects (5ms)
			BackupInstance (0ms)
			ReleaseScriptingObjects (0ms)
			CreateAndSetChildDomain (18ms)
		EndReloadAssembly (4756ms)
			LoadAssemblies (2513ms)
			RebuildTransferFunctionScriptingTraits (0ms)
			SetupTypeCache (825ms)
				TypeCache.Initialize (821ms)
					TypeCache.ScanAssembly (817ms)
				ResolveRequiredComponents (4ms)
			ReleaseScriptCaches (1ms)
			RebuildScriptCaches (47ms)
			SetupLoadedEditorAssemblies (1324ms)
				LogAssemblyErrors (0ms)
				InitializePlatformSupportModulesInManaged (5ms)
				SetLoadedEditorAssemblies (6ms)
				RefreshPlugins (1ms)
				BeforeProcessingInitializeOnLoad (82ms)
				ProcessInitializeOnLoadAttributes (295ms)
				ProcessInitializeOnLoadMethodAttributes (929ms)
				AfterProcessingInitializeOnLoad (7ms)
				EditorAssembliesLoaded (0ms)
			ExecutionOrderSort2 (0ms)
			AwakeInstancesAfterBackupRestoration (11ms)
Platform modules already initialized, skipping
========================================================================
Worker process is ready to serve import requests
Launched and connected shader compiler UnityShaderCompiler.exe after 0.07 seconds
Refreshing native plugins compatible for Editor in 0.50 ms, found 3 plugins.
Preloading 0 native plugins for Editor in 0.00 ms.
Unloading 3407 Unused Serialized files (Serialized files now loaded: 0)
Unloading 26 unused Assets / (58.2 KB). Loaded Objects now: 3867.
Memory consumption went from 0.51 GB to 0.51 GB.
Total: 3.196700 ms (FindLiveObjects: 0.272000 ms CreateObjectMapping: 0.215400 ms MarkObjects: 2.619300 ms  DeleteObjects: 0.088900 ms)

AssetImportParameters requested are different than current active one (requested -> active):
  custom:video-decoder-ogg-theora: a1e56fd34408186e4bbccfd4996cb3dc -> 
  custom:container-muxer-webm: aa71ff27fc2769a1b78a27578f13a17b -> 
  custom:container-demuxer-webm: 4f35f7cbe854078d1ac9338744f61a02 -> 
  custom:video-encoder-webm-vp8: eb34c28f22e8b96e1ab97ce403110664 -> 
  custom:audio-encoder-webm-vorbis: bf7c407c2cedff20999df2af8eb42d56 -> 
  custom:framework-win-MediaFoundation: 216162199b28c13a410421893ffa2e32 -> 
  custom:container-demuxer-ogg: 62fdf1f143b41e24485cea50d1cbac27 -> 
  custom:video-decoder-webm-vp8: 9c59270c3fd7afecdb556c50c9e8de78 -> 
  custom:audio-decoder-ogg-vorbis: bf7c407c2cedff20999df2af8eb42d56 -> 
========================================================================
Received Import Request.
  Time since last request: 1037.503926 seconds.
  path: Assets/Prefabs/Carretera.fbx
  artifactKey: Guid(7ec0f04997b708a45a2494755c223d95) Importer(815301076,1909f56bfc062723c751e8b465ee728b)
Start importing Assets/Prefabs/Carretera.fbx using Guid(7ec0f04997b708a45a2494755c223d95) Importer(815301076,1909f56bfc062723c751e8b465ee728b)  -> (artifact id: 'fa950cf26c264916991c7d9bd20741d4') in 0.210482 seconds 
========================================================================
Received Import Request.
  Time since last request: 0.000022 seconds.
  path: Assets/Prefabs
  artifactKey: Guid(a66778658722acc4686cfa6abf31ddcf) Importer(815301076,1909f56bfc062723c751e8b465ee728b)
Start importing Assets/Prefabs using Guid(a66778658722acc4686cfa6abf31ddcf) Importer(815301076,1909f56bfc062723c751e8b465ee728b)  -> (artifact id: 'd3ee670f969ae750001138f7e88b43e2') in 0.005966 seconds 
========================================================================
Received Import Request.
  Time since last request: 0.000026 seconds.
  path: Assets/Prefabs/Muro.fbx
  artifactKey: Guid(26085b9ade6174b4cbc7f8003eef84c2) Importer(815301076,1909f56bfc062723c751e8b465ee728b)
Start importing Assets/Prefabs/Muro.fbx using Guid(26085b9ade6174b4cbc7f8003eef84c2) Importer(815301076,1909f56bfc062723c751e8b465ee728b)  -> (artifact id: 'b6d45ad41dd822ed1bf547b704466891') in 0.021813 seconds 
========================================================================
Received Import Request.
  Time since last request: 0.000016 seconds.
  path: Assets/Prefabs/SemimuroPuerta.fbx
  artifactKey: Guid(2d7be9e388786d040843a5fc78be7f09) Importer(815301076,1909f56bfc062723c751e8b465ee728b)
Start importing Assets/Prefabs/SemimuroPuerta.fbx using Guid(2d7be9e388786d040843a5fc78be7f09) Importer(815301076,1909f56bfc062723c751e8b465ee728b)  -> (artifact id: '92497bd9f9e2117c4a11248016ee8671') in 0.021678 seconds 
========================================================================
Received Import Request.
  Time since last request: 0.000018 seconds.
  path: Assets/Prefabs/Puerta.fbx
  artifactKey: Guid(9ca6a6f0383046a49bb05d25e52ac5c0) Importer(815301076,1909f56bfc062723c751e8b465ee728b)
Start importing Assets/Prefabs/Puerta.fbx using Guid(9ca6a6f0383046a49bb05d25e52ac5c0) Importer(815301076,1909f56bfc062723c751e8b465ee728b)  -> (artifact id: 'ba01e23fbd38f5c884fd2a8cc369e620') in 0.021951 seconds 
========================================================================
Received Import Request.
  Time since last request: 0.000017 seconds.
  path: Assets/Prefabs/CalleInicio.fbx
  artifactKey: Guid(d23c3d4fa84f3f14985e3b7462c96a00) Importer(815301076,1909f56bfc062723c751e8b465ee728b)
Start importing Assets/Prefabs/CalleInicio.fbx using Guid(d23c3d4fa84f3f14985e3b7462c96a00) Importer(815301076,1909f56bfc062723c751e8b465ee728b)  -> (artifact id: '2274d9b442d1a7d0de2308fb97f9eb7c') in 0.021872 seconds 
========================================================================
Received Import Request.
  Time since last request: 0.000017 seconds.
  path: Assets/Prefabs/PlayerLeonard Variant.prefab
  artifactKey: Guid(ed088da13e0c49443a14dee91c5aea28) Importer(815301076,1909f56bfc062723c751e8b465ee728b)
Start importing Assets/Prefabs/PlayerLeonard Variant.prefab using Guid(ed088da13e0c49443a14dee91c5aea28) Importer(815301076,1909f56bfc062723c751e8b465ee728b)  -> (artifact id: '2c76ccc758c1af25e9094af4d806c167') in 0.041845 seconds 
========================================================================
Received Import Request.
  Time since last request: 0.000017 seconds.
  path: Assets/Prefabs/SemimuroPlaza.fbx
  artifactKey: Guid(10982e0a94e77aa4c98d6c107635b7d5) Importer(815301076,1909f56bfc062723c751e8b465ee728b)
Start importing Assets/Prefabs/SemimuroPlaza.fbx using Guid(10982e0a94e77aa4c98d6c107635b7d5) Importer(815301076,1909f56bfc062723c751e8b465ee728b)  -> (artifact id: '16ed1ffac3de59fb4d77b3c6e6c0a8f7') in 0.021830 seconds 
========================================================================
Received Import Request.
  Time since last request: 0.000017 seconds.
  path: Assets/Prefabs/SemimuroPlaza2.fbx
  artifactKey: Guid(fe67cc57b25593b4a86227b4cc21abab) Importer(815301076,1909f56bfc062723c751e8b465ee728b)
Start importing Assets/Prefabs/SemimuroPlaza2.fbx using Guid(fe67cc57b25593b4a86227b4cc21abab) Importer(815301076,1909f56bfc062723c751e8b465ee728b)  -> (artifact id: 'e0eb9ce9c09b30c0a61beb8d47236919') in 0.021363 seconds 
========================================================================
Received Import Request.
  Time since last request: 0.000019 seconds.
  path: Assets/Prefabs/SemimuroCalle.fbx
  artifactKey: Guid(2e6d5451725bfea46b3f688fe8b10ea9) Importer(815301076,1909f56bfc062723c751e8b465ee728b)
Start importing Assets/Prefabs/SemimuroCalle.fbx using Guid(2e6d5451725bfea46b3f688fe8b10ea9) Importer(815301076,1909f56bfc062723c751e8b465ee728b)  -> (artifact id: '076b9b73013f27bf8f89ffbbc96fd65d') in 0.021393 seconds 
========================================================================
Received Import Request.
  Time since last request: 0.000023 seconds.
  path: Assets/Prefabs/Zombie.prefab
  artifactKey: Guid(caf6844f7baeb554681212e682c08449) Importer(815301076,1909f56bfc062723c751e8b465ee728b)
Start importing Assets/Prefabs/Zombie.prefab using Guid(caf6844f7baeb554681212e682c08449) Importer(815301076,1909f56bfc062723c751e8b465ee728b)  -> (artifact id: '19fec2555829c6c5fe2fe420c73d9337') in 0.020275 seconds 
========================================================================
Received Import Request.
  Time since last request: 0.000017 seconds.
  path: Assets/Prefabs/Plaza.fbx
  artifactKey: Guid(add022c4d87eb9a4e8689b050fe4a16a) Importer(815301076,1909f56bfc062723c751e8b465ee728b)
Start importing Assets/Prefabs/Plaza.fbx using Guid(add022c4d87eb9a4e8689b050fe4a16a) Importer(815301076,1909f56bfc062723c751e8b465ee728b)  -> (artifact id: 'f8fe5844602e972aa5ebe26bee107ca9') in 0.020688 seconds 
========================================================================
Received Import Request.
  Time since last request: 0.000016 seconds.
  path: Assets/Materials/Blanco.mat
  artifactKey: Guid(44667228b5e851a4eaeaeb7bdddb84ec) Importer(815301076,1909f56bfc062723c751e8b465ee728b)
Start importing Assets/Materials/Blanco.mat using Guid(44667228b5e851a4eaeaeb7bdddb84ec) Importer(815301076,1909f56bfc062723c751e8b465ee728b)  -> (artifact id: 'bea4afc78ea533f16ed6c1ed9f2aedd2') in 0.014741 seconds 
========================================================================
Received Import Request.
  Time since last request: 0.000017 seconds.
  path: Assets/Prefabs/Ch31_nonPBR.fbx
  artifactKey: Guid(dc4bc67bd0d56a946b25c4b85d4cc9a7) Importer(815301076,1909f56bfc062723c751e8b465ee728b)
Start importing Assets/Prefabs/Ch31_nonPBR.fbx using Guid(dc4bc67bd0d56a946b25c4b85d4cc9a7) Importer(815301076,1909f56bfc062723c751e8b465ee728b)  -> (artifact id: '07b7a8c8a7c8a268c1fca9f04924c46d') in 0.101872 seconds 
========================================================================
Received Import Request.
  Time since last request: 0.000016 seconds.
  path: Assets/Prefabs/Calle.fbx
  artifactKey: Guid(9da67c0fe5710ab4187b1f2b2e984602) Importer(815301076,1909f56bfc062723c751e8b465ee728b)
Start importing Assets/Prefabs/Calle.fbx using Guid(9da67c0fe5710ab4187b1f2b2e984602) Importer(815301076,1909f56bfc062723c751e8b465ee728b)  -> (artifact id: '9aa373f10855b64885071fd55f69e201') in 0.022111 seconds 
========================================================================
Received Import Request.
  Time since last request: 104.451383 seconds.
  path: Assets/Prefabs/LeonPlayer.fbx
  artifactKey: Guid(1e7ad2859c5f44c439861414c4b6ba52) Importer(815301076,1909f56bfc062723c751e8b465ee728b)
Start importing Assets/Prefabs/LeonPlayer.fbx using Guid(1e7ad2859c5f44c439861414c4b6ba52) Importer(815301076,1909f56bfc062723c751e8b465ee728b)  -> (artifact id: '61875a1d3b33a9ac383528d3b74cb26b') in 0.384783 seconds 
========================================================================
Received Prepare
Registering precompiled user dll's ...
Registered in 0.006986 seconds.
Begin MonoManager ReloadAssembly
Symbol file LoadedFromMemory doesn't match image C:\Users\Batiste_Lopez_CEVJ\UnityProjects\ElsDosDiscutits\Outphord\Library\PackageCache\com.unity.visualscripting@1.7.8\Editor\VisualScripting.Core\Dependencies\YamlDotNet\Unity.VisualScripting.YamlDotNet.dll
Symbol file LoadedFromMemory doesn't match image C:\Users\Batiste_Lopez_CEVJ\UnityProjects\ElsDosDiscutits\Outphord\Library\PackageCache\com.unity.visualscripting@1.7.8\Editor\VisualScripting.Core\Dependencies\DotNetZip\Unity.VisualScripting.IonicZip.dll
Native extension for WindowsStandalone target not found
Refreshing native plugins compatible for Editor in 2.31 ms, found 3 plugins.
Preloading 0 native plugins for Editor in 0.00 ms.
Mono: successfully reloaded assembly
- Completed reload, in  2.939 seconds
Domain Reload Profiling:
	ReloadAssembly (2941ms)
		BeginReloadAssembly (354ms)
			ExecutionOrderSort (0ms)
			DisableScriptedObjects (14ms)
			BackupInstance (0ms)
			ReleaseScriptingObjects (0ms)
			CreateAndSetChildDomain (118ms)
		EndReloadAssembly (2339ms)
			LoadAssemblies (244ms)
			RebuildTransferFunctionScriptingTraits (0ms)
			SetupTypeCache (744ms)
				TypeCache.Initialize (733ms)
					TypeCache.ScanAssembly (713ms)
				ResolveRequiredComponents (11ms)
			ReleaseScriptCaches (6ms)
			RebuildScriptCaches (151ms)
			SetupLoadedEditorAssemblies (1042ms)
				LogAssemblyErrors (0ms)
				InitializePlatformSupportModulesInManaged (42ms)
				SetLoadedEditorAssemblies (21ms)
				RefreshPlugins (2ms)
				BeforeProcessingInitializeOnLoad (168ms)
				ProcessInitializeOnLoadAttributes (711ms)
				ProcessInitializeOnLoadMethodAttributes (84ms)
				AfterProcessingInitializeOnLoad (15ms)
				EditorAssembliesLoaded (1ms)
			ExecutionOrderSort2 (0ms)
			AwakeInstancesAfterBackupRestoration (28ms)
Platform modules already initialized, skipping
Refreshing native plugins compatible for Editor in 1.74 ms, found 3 plugins.
Preloading 0 native plugins for Editor in 0.00 ms.
Unloading 3400 Unused Serialized files (Serialized files now loaded: 0)
Unloading 18 unused Assets / (24.7 KB). Loaded Objects now: 3916.
Memory consumption went from 0.51 GB to 0.51 GB.
Total: 2.796500 ms (FindLiveObjects: 0.264200 ms CreateObjectMapping: 0.177800 ms MarkObjects: 2.332900 ms  DeleteObjects: 0.020700 ms)

AssetImportParameters requested are different than current active one (requested -> active):
  custom:video-decoder-ogg-theora: a1e56fd34408186e4bbccfd4996cb3dc -> 
  custom:container-muxer-webm: aa71ff27fc2769a1b78a27578f13a17b -> 
  custom:container-demuxer-webm: 4f35f7cbe854078d1ac9338744f61a02 -> 
  custom:video-encoder-webm-vp8: eb34c28f22e8b96e1ab97ce403110664 -> 
  custom:audio-encoder-webm-vorbis: bf7c407c2cedff20999df2af8eb42d56 -> 
  custom:framework-win-MediaFoundation: 216162199b28c13a410421893ffa2e32 -> 
  custom:container-demuxer-ogg: 62fdf1f143b41e24485cea50d1cbac27 -> 
  custom:video-decoder-webm-vp8: 9c59270c3fd7afecdb556c50c9e8de78 -> 
  custom:audio-decoder-ogg-vorbis: bf7c407c2cedff20999df2af8eb42d56 -> 
========================================================================
Received Prepare
Registering precompiled user dll's ...
Registered in 0.012452 seconds.
Begin MonoManager ReloadAssembly
Symbol file LoadedFromMemory doesn't match image C:\Users\Batiste_Lopez_CEVJ\UnityProjects\ElsDosDiscutits\Outphord\Library\PackageCache\com.unity.visualscripting@1.7.8\Editor\VisualScripting.Core\Dependencies\YamlDotNet\Unity.VisualScripting.YamlDotNet.dll
Symbol file LoadedFromMemory doesn't match image C:\Users\Batiste_Lopez_CEVJ\UnityProjects\ElsDosDiscutits\Outphord\Library\PackageCache\com.unity.visualscripting@1.7.8\Editor\VisualScripting.Core\Dependencies\DotNetZip\Unity.VisualScripting.IonicZip.dll
Native extension for WindowsStandalone target not found
Refreshing native plugins compatible for Editor in 0.79 ms, found 3 plugins.
Preloading 0 native plugins for Editor in 0.00 ms.
Mono: successfully reloaded assembly
- Completed reload, in  2.845 seconds
Domain Reload Profiling:
	ReloadAssembly (2847ms)
		BeginReloadAssembly (457ms)
			ExecutionOrderSort (0ms)
			DisableScriptedObjects (24ms)
			BackupInstance (0ms)
			ReleaseScriptingObjects (0ms)
			CreateAndSetChildDomain (145ms)
		EndReloadAssembly (2133ms)
			LoadAssemblies (338ms)
			RebuildTransferFunctionScriptingTraits (0ms)
			SetupTypeCache (704ms)
				TypeCache.Initialize (695ms)
					TypeCache.ScanAssembly (673ms)
				ResolveRequiredComponents (10ms)
			ReleaseScriptCaches (5ms)
			RebuildScriptCaches (126ms)
			SetupLoadedEditorAssemblies (869ms)
				LogAssemblyErrors (0ms)
				InitializePlatformSupportModulesInManaged (34ms)
				SetLoadedEditorAssemblies (17ms)
				RefreshPlugins (1ms)
				BeforeProcessingInitializeOnLoad (143ms)
				ProcessInitializeOnLoadAttributes (588ms)
				ProcessInitializeOnLoadMethodAttributes (69ms)
				AfterProcessingInitializeOnLoad (15ms)
				EditorAssembliesLoaded (1ms)
			ExecutionOrderSort2 (0ms)
			AwakeInstancesAfterBackupRestoration (31ms)
Platform modules already initialized, skipping
Refreshing native plugins compatible for Editor in 6.53 ms, found 3 plugins.
Preloading 0 native plugins for Editor in 0.00 ms.
Unloading 3400 Unused Serialized files (Serialized files now loaded: 0)
Unloading 18 unused Assets / (24.6 KB). Loaded Objects now: 3919.
Memory consumption went from 0.51 GB to 0.51 GB.
Total: 7.215300 ms (FindLiveObjects: 1.266200 ms CreateObjectMapping: 0.478200 ms MarkObjects: 5.343900 ms  DeleteObjects: 0.121400 ms)

AssetImportParameters requested are different than current active one (requested -> active):
  custom:video-decoder-ogg-theora: a1e56fd34408186e4bbccfd4996cb3dc -> 
  custom:container-muxer-webm: aa71ff27fc2769a1b78a27578f13a17b -> 
  custom:container-demuxer-webm: 4f35f7cbe854078d1ac9338744f61a02 -> 
  custom:video-encoder-webm-vp8: eb34c28f22e8b96e1ab97ce403110664 -> 
  custom:audio-encoder-webm-vorbis: bf7c407c2cedff20999df2af8eb42d56 -> 
  custom:framework-win-MediaFoundation: 216162199b28c13a410421893ffa2e32 -> 
  custom:container-demuxer-ogg: 62fdf1f143b41e24485cea50d1cbac27 -> 
  custom:video-decoder-webm-vp8: 9c59270c3fd7afecdb556c50c9e8de78 -> 
  custom:audio-decoder-ogg-vorbis: bf7c407c2cedff20999df2af8eb42d56 -> 
========================================================================
Received Import Request.
  Time since last request: 1155.394082 seconds.
  path: Assets/Prefabs/Mundo
  artifactKey: Guid(c480899e736748e4eaed9bbebc00d44b) Importer(815301076,1909f56bfc062723c751e8b465ee728b)
Start importing Assets/Prefabs/Mundo using Guid(c480899e736748e4eaed9bbebc00d44b) Importer(815301076,1909f56bfc062723c751e8b465ee728b)  -> (artifact id: 'f85218d901ec3a7635540eaea7cf968a') in 0.035832 seconds 
========================================================================
Received Import Request.
  Time since last request: 13.891290 seconds.
  path: Assets/Prefabs/Muros
  artifactKey: Guid(c07059f54de7a9d418ab8c6e86423b50) Importer(815301076,1909f56bfc062723c751e8b465ee728b)
Start importing Assets/Prefabs/Muros using Guid(c07059f54de7a9d418ab8c6e86423b50) Importer(815301076,1909f56bfc062723c751e8b465ee728b)  -> (artifact id: '0c83be1861962d6eff04770be48e427d') in 0.011588 seconds 
========================================================================
Received Import Request.
  Time since last request: 2794.382991 seconds.
  path: Assets/Prefabs/Mundo/Plaza.fbx
  artifactKey: Guid(add022c4d87eb9a4e8689b050fe4a16a) Importer(815301076,1909f56bfc062723c751e8b465ee728b)
Start importing Assets/Prefabs/Mundo/Plaza.fbx using Guid(add022c4d87eb9a4e8689b050fe4a16a) Importer(815301076,1909f56bfc062723c751e8b465ee728b)  -> (artifact id: '1b34cd647dd20e52126e18fedf5a0e02') in 0.557047 seconds 
========================================================================
Received Import Request.
  Time since last request: 102.903068 seconds.
  path: Assets/Prefabs/Objetos
  artifactKey: Guid(a628f26ba0f18bd428215e97a94c06ff) Importer(815301076,1909f56bfc062723c751e8b465ee728b)
Start importing Assets/Prefabs/Objetos using Guid(a628f26ba0f18bd428215e97a94c06ff) Importer(815301076,1909f56bfc062723c751e8b465ee728b)  -> (artifact id: '95606445d80d599defd07d87ff085008') in 0.012059 seconds 
========================================================================
Received Import Request.
  Time since last request: 11.165655 seconds.
  path: Assets/Prefabs/Muros/SemimuroPlaza2.fbx
  artifactKey: Guid(fe67cc57b25593b4a86227b4cc21abab) Importer(815301076,1909f56bfc062723c751e8b465ee728b)
Start importing Assets/Prefabs/Muros/SemimuroPlaza2.fbx using Guid(fe67cc57b25593b4a86227b4cc21abab) Importer(815301076,1909f56bfc062723c751e8b465ee728b)  -> (artifact id: 'b643b5ad90c367d5455fdf8e281668c8') in 0.077387 seconds 
========================================================================
Received Import Request.
  Time since last request: 0.000068 seconds.
  path: Assets/Prefabs/Muros/SemimuroPuerta.fbx
  artifactKey: Guid(2d7be9e388786d040843a5fc78be7f09) Importer(815301076,1909f56bfc062723c751e8b465ee728b)
Start importing Assets/Prefabs/Muros/SemimuroPuerta.fbx using Guid(2d7be9e388786d040843a5fc78be7f09) Importer(815301076,1909f56bfc062723c751e8b465ee728b)  -> (artifact id: 'b29a6117a8b198ec053933aa69a5967b') in 0.060900 seconds 
========================================================================
Received Import Request.
  Time since last request: 419.569084 seconds.
  path: Assets/Prefabs/Mundo/Plaza.fbx
  artifactKey: Guid(add022c4d87eb9a4e8689b050fe4a16a) Importer(815301076,1909f56bfc062723c751e8b465ee728b)
Start importing Assets/Prefabs/Mundo/Plaza.fbx using Guid(add022c4d87eb9a4e8689b050fe4a16a) Importer(815301076,1909f56bfc062723c751e8b465ee728b)  -> (artifact id: '439a1bf96bd2b57ee5ba1629851d6862') in 0.070926 seconds 
========================================================================
Received Import Request.
  Time since last request: 3272.056444 seconds.
  path: Assets/Prefabs/New Animator Controller.controller
  artifactKey: Guid(c765bc7bb531301458a2337427f6bf44) Importer(815301076,1909f56bfc062723c751e8b465ee728b)
Start importing Assets/Prefabs/New Animator Controller.controller using Guid(c765bc7bb531301458a2337427f6bf44) Importer(815301076,1909f56bfc062723c751e8b465ee728b)  -> (artifact id: '06445072cdef81b83368a4a8fe27c103') in 0.043692 seconds 
